<?xml version="1.0" encoding="UTF-8"?>
<testsuites name="Mocha Tests" time="25.083" tests="1" failures="1">
  <testsuite name="Root Suite" timestamp="2025-06-17T18:02:56" tests="0" file="cypress\e2e\tests\TransactionTest.cy.js" time="0.000" failures="0">
  </testsuite>
  <testsuite name="Validating Transaction update" timestamp="2025-06-17T18:02:56" tests="1" time="25.065" failures="1">
    <testcase name="Validating Transaction update should be able to add transaction to the account" time="15.517" classname="should be able to add transaction to the account">
      <failure message="this.myAccount is not a function" type="TypeError"><![CDATA[TypeError: this.myAccount is not a function
    at BudgetPage.verifyUpdatedAmount (webpack://cypress-framework/./cypress/e2e/pages/BudgetPage.js:58:37)
    at Context.eval (webpack://cypress-framework/./cypress/e2e/tests/TransactionTest.cy.js:40:24)]]></failure>
    </testcase>
  </testsuite>
</testsuites>