<?xml version="1.0" encoding="UTF-8"?>
<testsuites name="Mocha Tests" time="35.753" tests="4" failures="-1" skipped="2">
  <testsuite name="Root Suite" timestamp="2025-06-19T16:07:56" tests="0" file="cypress/e2e/tests/LoginTest.cy.js" time="0.000" failures="0">
  </testsuite>
  <testsuite name="User Login - Success and Failure Scenarios" timestamp="2025-06-19T16:07:56" tests="4" time="35.723" failures="0">
    <testcase name="User Login - Success and Failure Scenarios should login successfully with valid credentials" time="16.191" classname="should login successfully with valid credentials">
    </testcase>
    <testcase name="User Login - Success and Failure Scenarios should fail to login with invalid credentials" time="18.901" classname="should fail to login with invalid credentials">
    </testcase>
  </testsuite>
</testsuites>