<?xml version="1.0" encoding="UTF-8"?>
<testsuites name="Mocha Tests" time="2.064" tests="3" failures="3">
  <testsuite name="Root Suite" timestamp="2025-06-17T09:02:00" tests="0" file="cypress\e2e\tests\LoginTest.cy.js" time="0.000" failures="0">
  </testsuite>
  <testsuite name="Success and Fail login flow" timestamp="2025-06-17T09:02:00" tests="3" time="2.051" failures="3">
    <testcase name="Success and Fail login flow should login successfully with valid credentials" time="0.428" classname="should login successfully with valid credentials">
      <failure message="Cannot read properties of undefined (reading &apos;click&apos;)" type="TypeError"><![CDATA[TypeError: Cannot read properties of undefined (reading 'click')
    at LoginPage.loginWithUI (webpack://cypress-framework/./cypress/e2e/pages/LoginPage.js:30:22)
    at Context.eval (webpack://cypress-framework/./cypress/e2e/tests/LoginTest.cy.js:28:13)]]></failure>
    </testcase>
    <testcase name="Success and Fail login flow should fail to login with invalid credentials" time="0.241" classname="should fail to login with invalid credentials">
      <failure message="Cannot read properties of undefined (reading &apos;click&apos;)" type="TypeError"><![CDATA[TypeError: Cannot read properties of undefined (reading 'click')
    at LoginPage.loginWithUI (webpack://cypress-framework/./cypress/e2e/pages/LoginPage.js:30:22)
    at Context.eval (webpack://cypress-framework/./cypress/e2e/tests/LoginTest.cy.js:37:13)]]></failure>
    </testcase>
    <testcase name="Success and Fail login flow should perform login and logout" time="0.236" classname="should perform login and logout">
      <failure message="Cannot read properties of undefined (reading &apos;should&apos;)" type="TypeError"><![CDATA[TypeError: Cannot read properties of undefined (reading 'should')
    at Context.eval (webpack://cypress-framework/./cypress/e2e/tests/LoginTest.cy.js:50:13)]]></failure>
    </testcase>
  </testsuite>
</testsuites>