<?xml version="1.0" encoding="UTF-8"?>
<testsuites name="Mocha Tests" time="12.484" tests="3" failures="0">
  <testsuite name="Root Suite" timestamp="2025-06-16T21:17:10" tests="0" file="cypress\e2e\tests\LoginTest.cy.js" time="0.000" failures="0">
  </testsuite>
  <testsuite name="Success and Fail login flow" timestamp="2025-06-16T21:17:10" tests="3" time="12.430" failures="0">
    <testcase name="Success and Fail login flow should login successfully with valid credentials" time="5.451" classname="should login successfully with valid credentials">
    </testcase>
    <testcase name="Success and Fail login flow should fail to login with invalid credentials" time="2.035" classname="should fail to login with invalid credentials">
    </testcase>
    <testcase name="Success and Fail login flow should perform login and logout" time="4.714" classname="should perform login and logout">
    </testcase>
  </testsuite>
</testsuites>