<?xml version="1.0" encoding="UTF-8"?>
<testsuites name="Mocha Tests" time="59.479" tests="2" failures="1">
  <testsuite name="Root Suite" timestamp="2025-06-19T16:27:24" tests="0" file="cypress/e2e/tests/TransactionTest.cy.js" time="0.000" failures="0">
  </testsuite>
  <testsuite name="Validating Transaction update" timestamp="2025-06-19T16:27:24" tests="2" time="59.331" failures="1">
    <testcase name="Validating Transaction update should update the Total balance when a new income transaction is added" time="25.401" classname="should update the Total balance when a new income transaction is added">
    </testcase>
    <testcase name="Validating Transaction update should remove the latest transaction and reflect the correct updated balance in Total section" time="0.000" classname="should remove the latest transaction and reflect the correct updated balance in Total section">
      <failure message="Timed out retrying after 5000ms: expected 7002 to not equal 7002" type="AssertionError"><![CDATA[AssertionError: Timed out retrying after 5000ms: expected 7002 to not equal 7002
    at waitForAmountToUpdate (webpack://cypress-framework/./cypress/e2e/pages/TransactionPage.js:75:29)
    at __webpack_modules__</__WEBPACK_DEFAULT_EXPORT__/shouldFnWithCallback (https://goodbudget.com/__cypress/runner/cypress_runner.js:118738:17)
    at tryCatcher (https://goodbudget.com/__cypress/runner/cypress_runner.js:1830:23)
    at __webpack_modules__</module.exports/Promise.try (https://goodbudget.com/__cypress/runner/cypress_runner.js:4338:29)
    at shouldFnWithCallback (https://goodbudget.com/__cypress/runner/cypress_runner.js:118735:60)
    at shouldFn (https://goodbudget.com/__cypress/runner/cypress_runner.js:118778:37)
    at should (https://goodbudget.com/__cypress/runner/cypress_runner.js:118897:23)
    at __webpack_modules__</create/injectAssertion (https://goodbudget.com/__cypress/runner/cypress_runner.js:143014:39)
    at assertions (https://goodbudget.com/__cypress/runner/cypress_runner.js:143262:16)
    at tryCatcher (https://goodbudget.com/__cypress/runner/cypress_runner.js:1830:23)
    at gotValue (https://goodbudget.com/__cypress/runner/cypress_runner.js:6501:18)
    at gotAccum (https://goodbudget.com/__cypress/runner/cypress_runner.js:6488:25)
    at tryCatcher (https://goodbudget.com/__cypress/runner/cypress_runner.js:1830:23)
    at __webpack_modules__</module.exports/Promise.prototype._settlePromiseFromHandler (https://goodbudget.com/__cypress/runner/cypress_runner.js:1542:31)
    at __webpack_modules__</module.exports/Promise.prototype._settlePromise (https://goodbudget.com/__cypress/runner/cypress_runner.js:1599:18)
    at __webpack_modules__</module.exports/Promise.prototype._settlePromiseCtx (https://goodbudget.com/__cypress/runner/cypress_runner.js:1636:10)
    at _drainQueueStep (https://goodbudget.com/__cypress/runner/cypress_runner.js:2434:12)
    at _drainQueue (https://goodbudget.com/__cypress/runner/cypress_runner.js:2423:24)
    at __webpack_modules__</Async.prototype._drainQueues (https://goodbudget.com/__cypress/runner/cypress_runner.js:2439:16)
    at __webpack_modules__</Async/this.drainQueues (https://goodbudget.com/__cypress/runner/cypress_runner.js:2309:14)

      + expected - actual

]]></failure>
    </testcase>
  </testsuite>
</testsuites>