<?xml version="1.0" encoding="UTF-8"?>
<testsuites name="Mocha Tests" time="42.562" tests="2" failures="1">
  <testsuite name="Root Suite" timestamp="2025-06-19T16:29:14" tests="0" file="cypress/e2e/tests/TransactionTest.cy.js" time="0.000" failures="0">
  </testsuite>
  <testsuite name="Validating Transaction update" timestamp="2025-06-19T16:29:14" tests="2" time="42.536" failures="1">
    <testcase name="Validating Transaction update should update the Total balance when a new income transaction is added" time="18.699" classname="should update the Total balance when a new income transaction is added">
    </testcase>
    <testcase name="Validating Transaction update should remove the latest transaction and reflect the correct updated balance in Total section" time="0.000" classname="should remove the latest transaction and reflect the correct updated balance in Total section">
      <failure message="Timed out retrying after 5000ms: Expected to find element: `input[name=&quot;income-amount&quot;]`, but never found it." type="AssertionError"><![CDATA[AssertionError: Timed out retrying after 5000ms: Expected to find element: `input[name="income-amount"]`, but never found it.
    at Context.eval (webpack://cypress-framework/./cypress/e2e/pages/TransactionPage.js:87:37)]]></failure>
    </testcase>
  </testsuite>
</testsuites>