<?xml version="1.0" encoding="UTF-8"?>
<testsuites name="Mocha Tests" time="32.390" tests="3" failures="0">
  <testsuite name="Root Suite" timestamp="2025-06-17T09:39:57" tests="0" file="cypress\e2e\tests\LoginTest.cy.js" time="0.000" failures="0">
  </testsuite>
  <testsuite name="Success and Fail login flow" timestamp="2025-06-17T09:39:57" tests="3" time="32.377" failures="0">
    <testcase name="Success and Fail login flow should login successfully with valid credentials" time="11.583" classname="should login successfully with valid credentials">
    </testcase>
    <testcase name="Success and Fail login flow should fail to login with invalid credentials" time="9.933" classname="should fail to login with invalid credentials">
    </testcase>
    <testcase name="Success and Fail login flow should perform login and logout" time="10.595" classname="should perform login and logout">
    </testcase>
  </testsuite>
</testsuites>