<?xml version="1.0" encoding="UTF-8"?>
<testsuites name="Mocha Tests" time="35.022" tests="2" failures="0">
  <testsuite name="Root Suite" timestamp="2025-06-19T20:51:03" tests="0" file="cypress\e2e\tests\TransactionTest.cy.js" time="0.000" failures="0">
  </testsuite>
  <testsuite name="Validating Transaction update" timestamp="2025-06-19T20:51:03" tests="2" time="35.016" failures="0">
    <testcase name="Validating Transaction update should update the Total balance when a new income transaction is added" time="17.388" classname="should update the Total balance when a new income transaction is added">
    </testcase>
    <testcase name="Validating Transaction update should remove the latest transaction and reflect the correct updated balance in Total section" time="17.050" classname="should remove the latest transaction and reflect the correct updated balance in Total section">
    </testcase>
  </testsuite>
</testsuites>