<?xml version="1.0" encoding="UTF-8"?>
<testsuites name="Mocha Tests" time="51.452" tests="2" failures="2">
  <testsuite name="Root Suite" timestamp="2025-06-19T11:10:18" tests="0" file="cypress\e2e\tests\TransactionTest.cy.js" time="0.000" failures="0">
  </testsuite>
  <testsuite name="Validating Transaction update" timestamp="2025-06-19T11:10:18" tests="2" time="51.437" failures="2">
    <testcase name="Validating Transaction update should update the Total balance when a new income transaction is added" time="0.000" classname="should update the Total balance when a new income transaction is added">
      <failure message="expected 10202 to equal 12200" type="AssertionError"><![CDATA[AssertionError: expected 10202 to equal 12200
    at Context.eval (webpack://cypress-framework/./cypress/e2e/tests/TransactionTest.cy.js:28:41)

      + expected - actual

      -10202
      +12200
      ]]></failure>
    </testcase>
    <testcase name="Validating Transaction update should remove the latest transaction and reflect the correct updated balance in Total section" time="0.000" classname="should remove the latest transaction and reflect the correct updated balance in Total section">
      <failure message="Timed out retrying after 5000ms: expected 10202 to not equal 10202" type="AssertionError"><![CDATA[AssertionError: Timed out retrying after 5000ms: expected 10202 to not equal 10202
    at Context.eval (webpack://cypress-framework/./cypress/e2e/pages/TransactionPage.js:75:29)

      + expected - actual

]]></failure>
    </testcase>
  </testsuite>
</testsuites>