<?xml version="1.0" encoding="UTF-8"?>
<testsuites name="Mocha Tests" time="45.048" tests="2" failures="1">
  <testsuite name="Root Suite" timestamp="2025-06-19T21:07:39" tests="0" file="cypress/e2e/tests/TransactionTest.cy.js" time="0.000" failures="0">
  </testsuite>
  <testsuite name="Validating Transaction update" timestamp="2025-06-19T21:07:39" tests="2" time="44.739" failures="1">
    <testcase name="Validating Transaction update &quot;before each&quot; hook for &quot;should update the Total balance when a new income transaction is added&quot;" time="0.000" classname="&quot;before each&quot; hook for &quot;should update the Total balance when a new income transaction is added&quot;">
      <failure message="Timed out retrying after 5000ms: Expected to find element: `.trans-title p`, but never found it.

Because this error occurred during a `before each` hook we are skipping the remaining tests in the current suite: `Validating Transaction update`" type="AssertionError"><![CDATA[AssertionError: Timed out retrying after 5000ms: Expected to find element: `.trans-title p`, but never found it.

Because this error occurred during a `before each` hook we are skipping the remaining tests in the current suite: `Validating Transaction update`
    at  (webpack://cypress-framework/./cypress/e2e/tests/TransactionTest.cy.js:12:13)
    at __webpack_modules__</setRunnable/runnable.fn (https://goodbudget.com/__cypress/runner/cypress_runner.js:138359:43)
    at callFn (https://goodbudget.com/__cypress/runner/cypress_runner.js:156978:21)
    at __webpack_modules__</Runnable.prototype.run (https://goodbudget.com/__cypress/runner/cypress_runner.js:156965:13)
    at __webpack_modules__</create/onRunnableRun (https://goodbudget.com/__cypress/runner/cypress_runner.js:162889:30)
    at finallyHandler (https://goodbudget.com/__cypress/runner/cypress_runner.js:4095:23)
    at tryCatcher (https://goodbudget.com/__cypress/runner/cypress_runner.js:1830:23)
    at __webpack_modules__</module.exports/Promise.prototype._settlePromiseFromHandler (https://goodbudget.com/__cypress/runner/cypress_runner.js:1542:31)
    at __webpack_modules__</module.exports/Promise.prototype._settlePromise (https://goodbudget.com/__cypress/runner/cypress_runner.js:1599:18)
    at __webpack_modules__</module.exports/Promise.prototype._settlePromise0 (https://goodbudget.com/__cypress/runner/cypress_runner.js:1644:10)
    at __webpack_modules__</module.exports/Promise.prototype._settlePromises (https://goodbudget.com/__cypress/runner/cypress_runner.js:1724:18)
    at __webpack_modules__</module.exports/Promise.prototype._fulfill (https://goodbudget.com/__cypress/runner/cypress_runner.js:1668:18)
    at __webpack_modules__</module.exports/Promise.prototype._settlePromise (https://goodbudget.com/__cypress/runner/cypress_runner.js:1612:21)
    at __webpack_modules__</module.exports/Promise.prototype._settlePromise0 (https://goodbudget.com/__cypress/runner/cypress_runner.js:1644:10)
    at __webpack_modules__</module.exports/Promise.prototype._settlePromises (https://goodbudget.com/__cypress/runner/cypress_runner.js:1724:18)
    at __webpack_modules__</module.exports/Promise.prototype._fulfill (https://goodbudget.com/__cypress/runner/cypress_runner.js:1668:18)
    at __webpack_modules__</module.exports/Promise.prototype._resolveCallback (https://goodbudget.com/__cypress/runner/cypress_runner.js:1462:57)
    at __webpack_modules__</module.exports/Promise.prototype._settlePromiseFromHandler (https://goodbudget.com/__cypress/runner/cypress_runner.js:1554:17)
    at __webpack_modules__</module.exports/Promise.prototype._settlePromise (https://goodbudget.com/__cypress/runner/cypress_runner.js:1599:18)
    at __webpack_modules__</module.exports/Promise.prototype._settlePromise0 (https://goodbudget.com/__cypress/runner/cypress_runner.js:1644:10)
    at __webpack_modules__</module.exports/Promise.prototype._settlePromises (https://goodbudget.com/__cypress/runner/cypress_runner.js:1724:18)
    at __webpack_modules__</module.exports/Promise.prototype._fulfill (https://goodbudget.com/__cypress/runner/cypress_runner.js:1668:18)
    at __webpack_modules__</module.exports/PromiseArray.prototype._resolve (https://goodbudget.com/__cypress/runner/cypress_runner.js:2955:19)
    at __webpack_modules__</module.exports/PromiseArray.prototype._promiseFulfilled (https://goodbudget.com/__cypress/runner/cypress_runner.js:2973:14)
    at __webpack_modules__</module.exports/PromiseArray.prototype._iterate (https://goodbudget.com/__cypress/runner/cypress_runner.js:2943:31)
    at init (https://goodbudget.com/__cypress/runner/cypress_runner.js:2907:10)
    at __webpack_modules__</module.exports/Promise.prototype._settlePromise (https://goodbudget.com/__cypress/runner/cypress_runner.js:1596:21)
    at __webpack_modules__</module.exports/Promise.prototype._settlePromise0 (https://goodbudget.com/__cypress/runner/cypress_runner.js:1644:10)
    at __webpack_modules__</module.exports/Promise.prototype._settlePromises (https://goodbudget.com/__cypress/runner/cypress_runner.js:1724:18)
    at __webpack_modules__</module.exports/Promise.prototype._fulfill (https://goodbudget.com/__cypress/runner/cypress_runner.js:1668:18)
    at __webpack_modules__</module.exports/PromiseArray.prototype._resolve (https://goodbudget.com/__cypress/runner/cypress_runner.js:2955:19)
    at __webpack_modules__</module.exports/PromiseArray.prototype._promiseFulfilled (https://goodbudget.com/__cypress/runner/cypress_runner.js:2973:14)
    at __webpack_modules__</module.exports/Promise.prototype._settlePromise (https://goodbudget.com/__cypress/runner/cypress_runner.js:1604:26)
    at __webpack_modules__</module.exports/Promise.prototype._settlePromise0 (https://goodbudget.com/__cypress/runner/cypress_runner.js:1644:10)
    at __webpack_modules__</module.exports/Promise.prototype._settlePromises (https://goodbudget.com/__cypress/runner/cypress_runner.js:1724:18)
    at __webpack_modules__</module.exports/Promise.prototype._fulfill (https://goodbudget.com/__cypress/runner/cypress_runner.js:1668:18)
    at __webpack_modules__</module.exports/PromiseArray.prototype._resolve (https://goodbudget.com/__cypress/runner/cypress_runner.js:2955:19)
    at __webpack_modules__</module.exports/MappingPromiseArray.prototype._promiseFulfilled (https://goodbudget.com/__cypress/runner/cypress_runner.js:5010:18)
    at __webpack_modules__</module.exports/Promise.prototype._settlePromise (https://goodbudget.com/__cypress/runner/cypress_runner.js:1604:26)
    at __webpack_modules__</module.exports/Promise.prototype._settlePromise0 (https://goodbudget.com/__cypress/runner/cypress_runner.js:1644:10)
    at __webpack_modules__</module.exports/Promise.prototype._settlePromises (https://goodbudget.com/__cypress/runner/cypress_runner.js:1724:18)
    at _drainQueueStep (https://goodbudget.com/__cypress/runner/cypress_runner.js:2430:12)
    at _drainQueue (https://goodbudget.com/__cypress/runner/cypress_runner.js:2423:24)
    at __webpack_modules__</Async.prototype._drainQueues (https://goodbudget.com/__cypress/runner/cypress_runner.js:2439:16)
    at __webpack_modules__</Async/this.drainQueues (https://goodbudget.com/__cypress/runner/cypress_runner.js:2309:14)]]></failure>
    </testcase>
  </testsuite>
</testsuites>