<?xml version="1.0" encoding="UTF-8"?>
<testsuites name="Mocha Tests" time="13.325" tests="1" failures="0">
  <testsuite name="Root Suite" timestamp="2025-06-17T12:24:48" tests="0" file="cypress\e2e\tests\TransactionTest.cy.js" time="0.000" failures="0">
  </testsuite>
  <testsuite name="adding products to cart" timestamp="2025-06-17T12:24:48" tests="1" time="13.314" failures="0">
    <testcase name="adding products to cart should add product to the cart from products search page" time="13.235" classname="should add product to the cart from products search page">
    </testcase>
  </testsuite>
</testsuites>