<?xml version="1.0" encoding="UTF-8"?>
<testsuites name="Mocha Tests" time="24.047" tests="1" failures="1">
  <testsuite name="Root Suite" timestamp="2025-06-17T17:52:58" tests="0" file="cypress\e2e\tests\TransactionTest.cy.js" time="0.000" failures="0">
  </testsuite>
  <testsuite name="Validating Transaction update" timestamp="2025-06-17T17:52:58" tests="1" time="24.037" failures="1">
    <testcase name="Validating Transaction update should be able to add transaction to the account" time="15.048" classname="should be able to add transaction to the account">
      <failure message="locator.invoke is not a function" type="TypeError"><![CDATA[TypeError: locator.invoke is not a function
    at BudgetPage.parseAmountFromElement (webpack://cypress-framework/./cypress/e2e/pages/BudgetPage.js:44:17)
    at BudgetPage.verifyUpdatedAmount (webpack://cypress-framework/./cypress/e2e/pages/BudgetPage.js:58:9)
    at Context.eval (webpack://cypress-framework/./cypress/e2e/tests/TransactionTest.cy.js:40:24)]]></failure>
    </testcase>
  </testsuite>
</testsuites>