<?xml version="1.0" encoding="UTF-8"?>
<testsuites name="Mocha Tests" time="454.618" tests="2" failures="0">
  <testsuite name="Root Suite" timestamp="2025-06-19T20:58:12" tests="0" file="cypress/e2e/tests/EnvelopeTest.cy.js" time="0.000" failures="0">
  </testsuite>
  <testsuite name="Envelope Management Functionality" timestamp="2025-06-19T20:58:12" tests="2" time="454.524" failures="0">
    <testcase name="Envelope Management Functionality should allow the user to add a new envelope and successfully delete it" time="212.205" classname="should allow the user to add a new envelope and successfully delete it">
    </testcase>
    <testcase name="Envelope Management Functionality should fill an envelope and validate that the available amount is updated correctly" time="228.545" classname="should fill an envelope and validate that the available amount is updated correctly">
    </testcase>
  </testsuite>
</testsuites>