<?xml version="1.0" encoding="UTF-8"?>
<testsuites name="Mocha Tests" time="73.294" tests="2" failures="2">
  <testsuite name="Root Suite" timestamp="2025-06-19T16:27:53" tests="0" file="cypress/e2e/tests/TransactionTest.cy.js" time="0.000" failures="0">
  </testsuite>
  <testsuite name="Validating Transaction update" timestamp="2025-06-19T16:27:53" tests="2" time="73.256" failures="2">
    <testcase name="Validating Transaction update should update the Total balance when a new income transaction is added" time="0.000" classname="should update the Total balance when a new income transaction is added">
      <failure message="expected 9002 to equal 7002" type="AssertionError"><![CDATA[AssertionError: expected 9002 to equal 7002
    at Context.eval (webpack://cypress-framework/./cypress/e2e/tests/TransactionTest.cy.js:28:41)

      + expected - actual

      -9002
      +7002
      ]]></failure>
    </testcase>
    <testcase name="Validating Transaction update should remove the latest transaction and reflect the correct updated balance in Total section" time="0.000" classname="should remove the latest transaction and reflect the correct updated balance in Total section">
      <failure message="Timed out retrying after 5000ms: Expected to find element: `input[name=&quot;income-amount&quot;]`, but never found it." type="AssertionError"><![CDATA[AssertionError: Timed out retrying after 5000ms: Expected to find element: `input[name="income-amount"]`, but never found it.
    at Context.eval (webpack://cypress-framework/./cypress/e2e/pages/TransactionPage.js:87:37)]]></failure>
    </testcase>
  </testsuite>
</testsuites>