<?xml version="1.0" encoding="UTF-8"?>
<testsuites name="Mocha Tests" time="97.147" tests="3" failures="2">
  <testsuite name="Root Suite" timestamp="2025-06-17T09:10:57" tests="0" file="cypress\e2e\tests\LoginTest.cy.js" time="0.000" failures="0">
  </testsuite>
  <testsuite name="Success and Fail login flow" timestamp="2025-06-17T09:10:57" tests="3" time="97.128" failures="2">
    <testcase name="Success and Fail login flow should login successfully with valid credentials" time="13.958" classname="should login successfully with valid credentials">
    </testcase>
    <testcase name="Success and Fail login flow should fail to login with invalid credentials" time="18.873" classname="should fail to login with invalid credentials">
      <failure message="Timed out retrying after 5000ms: expected &apos;https://goodbudget.com/login&apos; to include &apos;/home&apos;" type="AssertionError"><![CDATA[AssertionError: Timed out retrying after 5000ms: expected 'https://goodbudget.com/login' to include '/home'
    at LoginPage.loginWithUI (webpack://cypress-framework/./cypress/e2e/pages/LoginPage.js:31:17)
    at Context.eval (webpack://cypress-framework/./cypress/e2e/tests/LoginTest.cy.js:37:13)]]></failure>
    </testcase>
    <testcase name="Success and Fail login flow should perform login and logout" time="21.548" classname="should perform login and logout">
      <failure message="Timed out retrying after 5000ms: expected &apos;[ &lt;header.elementor-section.elementor-top-section.elementor-element.elementor-element-c4b16e8.elementor-section-content-middle.elementor-section-boxed.elementor-section-height-default.elementor-section-height-default.elementor-sticky.elementor-sticky--active.elementor-section--handles-inside.elementor-sticky--effects&gt;, 1 more... ]&apos; to contain text &apos;Account Logout&apos;, but the text was &apos;\n\t\t\t\t\t\t\n\t\t\t\t\t\t\t\n\t\t\t\t\t\n\t\t\t\n\t\t\t\t\t\t\t\n\t\t\t\t\t\t\n\t\t\t\t\n\t\t\t\t\t\t\t\t\n\t\t\t\t\t\t\t\t\t\t\t\t\t\n\t\t\t\t\t\t\t\t\t\t\t\t\t\t\t\n\t\t\t\t\t\t\t\t\t\t\t\t\t\t\n\t\t\t\t\t\t\n\t\t\t\t\n\t\t\t\t\n\t\t\t\t\n\t\t\t\t\t\t\t\t\n\t\t\t\t\t\t\t\t\t\t\t\t\t\n\t\t\t\t\t\t\t\t\t\t\t\t\t\t\t\n\t\t\t\t\t\t\t\t\t\t\t\t\t\t\n\t\t\t\t\t\t\n\t\t\t\t\n\t\t\t\t\t\t\n\t\t\t\t\t\n\t\t\n\t\t\t\t\n\t\t\t\n\t\t\t\t\t\t\t\n\t\t\t\t\t\t\n\t\t\t\t\n\t\t\t\t\t\t\n\t\t\t\tHow It Works\nWhat You Get\nThe Goodbudget Way\nPricing\nLog in\nSign up\nSIGN UP FOR GOODBUDGET ›\n\t\t\t\n\t\t\t\t\t\n\t\t\t\t\t\tMenu\n\t\t\n\t\t\t\t\t\n\t\t\t\tHow It Works\nWhat You Get\nThe Goodbudget Way\nPricing\nLog in\nSign up\nSIGN UP FOR GOODBUDGET ›\n\t\t\t\n\t\t\t\t\n\t\t\t\t\n\t\t\t\t\t\t\n\t\t\t\t\t\n\t\t\n\t\t\t\t\t\t\t\t\n\t\t\t\t\t\n\t\t\n\t\t\t\t\t\t\n\t\t\t\t\t\t\t\n\t\t\t\t\t\n\t\t\t\n\t\t\t\t\t\t\t\n\t\t\t\t\t\t\n\t\t\t\t\n\t\t\t\t\t\t\t\t\n\t\t\t\t\t\t\t\t\t\t\t\t\t\n\t\t\t\t\t\t\t\t\t\t\t\t\t\t\t\n\t\t\t\t\t\t\t\t\t\t\t\t\t\t\n\t\t\t\t\t\t\n\t\t\t\t\n\t\t\t\t\n\t\t\t\t\n\t\t\t\t\t\t\t\t\n\t\t\t\t\t\t\t\t\t\t\t\t\t\n\t\t\t\t\t\t\t\t\t\t\t\t\t\t\t\n\t\t\t\t\t\t\t\t\t\t\t\t\t\t\n\t\t\t\t\t\t\n\t\t\t\t\n\t\t\t\t\t\t\n\t\t\t\t\t\n\t\t\n\t\t\t\t\n\t\t\t\n\t\t\t\t\t\t\t\n\t\t\t\t\t\t\n\t\t\t\t\n\t\t\t\t\t\t\n\t\t\t\tHow It Works\nWhat You Get\nThe Goodbudget Way\nPricing\nLog in\nSign up\nSIGN UP FOR GOODBUDGET ›\n\t\t\t\n\t\t\t\t\t\n\t\t\t\t\t\tMenu\n\t\t\n\t\t\t\t\t\n\t\t\t\tHow It Works\nWhat You Get\nThe Goodbudget Way\nPricing\nLog in\nSign up\nSIGN UP FOR GOODBUDGET ›\n\t\t\t\n\t\t\t\t\n\t\t\t\t\n\t\t\t\t\t\t\n\t\t\t\t\t\n\t\t\n\t\t\t\t\t\t\t\t\n\t\t\t\t\t\n\t\t&apos;" type="AssertionError"><![CDATA[AssertionError: Timed out retrying after 5000ms: expected '[ <header.elementor-section.elementor-top-section.elementor-element.elementor-element-c4b16e8.elementor-section-content-middle.elementor-section-boxed.elementor-section-height-default.elementor-section-height-default.elementor-sticky.elementor-sticky--active.elementor-section--handles-inside.elementor-sticky--effects>, 1 more... ]' to contain text 'Account Logout', but the text was '\n\t\t\t\t\t\t\n\t\t\t\t\t\t\t\n\t\t\t\t\t\n\t\t\t\n\t\t\t\t\t\t\t\n\t\t\t\t\t\t\n\t\t\t\t\n\t\t\t\t\t\t\t\t\n\t\t\t\t\t\t\t\t\t\t\t\t\t\n\t\t\t\t\t\t\t\t\t\t\t\t\t\t\t\n\t\t\t\t\t\t\t\t\t\t\t\t\t\t\n\t\t\t\t\t\t\n\t\t\t\t\n\t\t\t\t\n\t\t\t\t\n\t\t\t\t\t\t\t\t\n\t\t\t\t\t\t\t\t\t\t\t\t\t\n\t\t\t\t\t\t\t\t\t\t\t\t\t\t\t\n\t\t\t\t\t\t\t\t\t\t\t\t\t\t\n\t\t\t\t\t\t\n\t\t\t\t\n\t\t\t\t\t\t\n\t\t\t\t\t\n\t\t\n\t\t\t\t\n\t\t\t\n\t\t\t\t\t\t\t\n\t\t\t\t\t\t\n\t\t\t\t\n\t\t\t\t\t\t\n\t\t\t\tHow It Works\nWhat You Get\nThe Goodbudget Way\nPricing\nLog in\nSign up\nSIGN UP FOR GOODBUDGET ›\n\t\t\t\n\t\t\t\t\t\n\t\t\t\t\t\tMenu\n\t\t\n\t\t\t\t\t\n\t\t\t\tHow It Works\nWhat You Get\nThe Goodbudget Way\nPricing\nLog in\nSign up\nSIGN UP FOR GOODBUDGET ›\n\t\t\t\n\t\t\t\t\n\t\t\t\t\n\t\t\t\t\t\t\n\t\t\t\t\t\n\t\t\n\t\t\t\t\t\t\t\t\n\t\t\t\t\t\n\t\t\n\t\t\t\t\t\t\n\t\t\t\t\t\t\t\n\t\t\t\t\t\n\t\t\t\n\t\t\t\t\t\t\t\n\t\t\t\t\t\t\n\t\t\t\t\n\t\t\t\t\t\t\t\t\n\t\t\t\t\t\t\t\t\t\t\t\t\t\n\t\t\t\t\t\t\t\t\t\t\t\t\t\t\t\n\t\t\t\t\t\t\t\t\t\t\t\t\t\t\n\t\t\t\t\t\t\n\t\t\t\t\n\t\t\t\t\n\t\t\t\t\n\t\t\t\t\t\t\t\t\n\t\t\t\t\t\t\t\t\t\t\t\t\t\n\t\t\t\t\t\t\t\t\t\t\t\t\t\t\t\n\t\t\t\t\t\t\t\t\t\t\t\t\t\t\n\t\t\t\t\t\t\n\t\t\t\t\n\t\t\t\t\t\t\n\t\t\t\t\t\n\t\t\n\t\t\t\t\n\t\t\t\n\t\t\t\t\t\t\t\n\t\t\t\t\t\t\n\t\t\t\t\n\t\t\t\t\t\t\n\t\t\t\tHow It Works\nWhat You Get\nThe Goodbudget Way\nPricing\nLog in\nSign up\nSIGN UP FOR GOODBUDGET ›\n\t\t\t\n\t\t\t\t\t\n\t\t\t\t\t\tMenu\n\t\t\n\t\t\t\t\t\n\t\t\t\tHow It Works\nWhat You Get\nThe Goodbudget Way\nPricing\nLog in\nSign up\nSIGN UP FOR GOODBUDGET ›\n\t\t\t\n\t\t\t\t\n\t\t\t\t\n\t\t\t\t\t\t\n\t\t\t\t\t\n\t\t\n\t\t\t\t\t\t\t\t\n\t\t\t\t\t\n\t\t'
    at Context.eval (webpack://cypress-framework/./cypress/e2e/tests/LoginTest.cy.js:50:13)

      + expected - actual

      -'\n\t\t\t\t\t\t\n\t\t\t\t\t\t\t\n\t\t\t\t\t\n\t\t\t\n\t\t\t\t\t\t\t\n\t\t\t\t\t\t\n\t\t\t\t\n\t\t\t\t\t\t\t\t\n\t\t\t\t\t\t\t\t\t\t\t\t\t\n\t\t\t\t\t\t\t\t\t\t\t\t\t\t\t\n\t\t\t\t\t\t\t\t\t\t\t\t\t\t\n\t\t\t\t\t\t\n\t\t\t\t\n\t\t\t\t\n\t\t\t\t\n\t\t\t\t\t\t\t\t\n\t\t\t\t\t\t\t\t\t\t\t\t\t\n\t\t\t\t\t\t\t\t\t\t\t\t\t\t\t\n\t\t\t\t\t\t\t\t\t\t\t\t\t\t\n\t\t\t\t\t\t\n\t\t\t\t\n\t\t\t\t\t\t\n\t\t\t\t\t\n\t\t\n\t\t\t\t\n\t\t\t\n\t\t\t\t\t\t\t\n\t\t\t\t\t\t\n\t\t\t\t\n\t\t\t\t\t\t\n\t\t\t\tHow It Works\nWhat You Get\nThe Goodbudget Way\nPricing\nLog in\nSign up\nSIGN UP FOR GOODBUDGET ›\n\t\t\t\n\t\t\t\t\t\n\t\t\t\t\t\tMenu\n\t\t\n\t\t\t\t\t\n\t\t\t\tHow It Works\nWhat You Get\nThe Goodbudget Way\nPricing\nLog in\nSign up\nSIGN UP FOR GOODBUDGET ›\n\t\t\t\n\t\t\t\t\n\t\t\t\t\n\t\t\t\t\t\t\n\t\t\t\t\t\n\t\t\n\t\t\t\t\t\t\t\t\n\t\t\t\t\t\n\t\t\n\t\t\t\t\t\t\n\t\t\t\t\t\t\t\n\t\t\t\t\t\n\t\t\t\n\t\t\t\t\t\t\t\n\t\t\t\t\t\t\n\t\t\t\t\n\t\t\t\t\t\t\t\t\n\t\t\t\t\t\t\t\t\t\t\t\t\t\n\t\t\t\t\t\t\t\t\t\t\t\t\t\t\t\n\t\t\t\t\t\t\t\t\t\t\t\t\t\t\n\t\t\t\t\t\t\n\t\t\t\t\n\t\t\t\t\n\t\t\t\t\n\t\t\t\t\t\t\t\t\n\t\t\t\t\t\t\t\t\t\t\t\t\t\n\t\t\t\t\t\t\t\t\t\t\t\t\t\t\t\n\t\t\t\t\t\t\t\t\t\t\t\t\t\t\n\t\t\t\t\t\t\n\t\t\t\t\n\t\t\t\t\t\t\n\t\t\t\t\t\n\t\t\n\t\t\t\t\n\t\t\t\n\t\t\t\t\t\t\t\n\t\t\t\t\t\t\n\t\t\t\t\n\t\t\t\t\t\t\n\t\t\t\tHow It Works\nWhat You Get\nThe Goodbudget Way\nPricing\nLog in\nSign up\nSIGN UP FOR GOODBUDGET ›\n\t\t\t\n\t\t\t\t\t\n\t\t\t\t\t\tMenu\n\t\t\n\t\t\t\t\t\n\t\t\t\tHow It Works\nWhat You Get\nThe Goodbudget Way\nPricing\nLog in\nSign up\nSIGN UP FOR GOODBUDGET ›\n\t\t\t\n\t\t\t\t\n\t\t\t\t\n\t\t\t\t\t\t\n\t\t\t\t\t\n\t\t\n\t\t\t\t\t\t\t\t\n\t\t\t\t\t\n\t\t'
      +'Account Logout'
      ]]></failure>
    </testcase>
  </testsuite>
</testsuites>