<?xml version="1.0" encoding="UTF-8"?>
<testsuites name="Mocha Tests" time="27.734" tests="1" failures="1">
  <testsuite name="Root Suite" timestamp="2025-06-17T19:58:56" tests="0" file="cypress\e2e\tests\TransactionTest.cy.js" time="0.000" failures="0">
  </testsuite>
  <testsuite name="Validating Transaction update" timestamp="2025-06-17T19:58:56" tests="1" time="27.722" failures="1">
    <testcase name="Validating Transaction update should be able to delete transaction from the account" time="14.721" classname="should be able to delete transaction from the account">
      <failure message="expected 2000 to equal NaN" type="AssertionError"><![CDATA[AssertionError: expected 2000 to equal NaN
    at Context.eval (webpack://cypress-framework/./cypress/e2e/tests/TransactionTest.cy.js:57:41)

      + expected - actual:  failed to generate Mocha diff
]]></failure>
    </testcase>
  </testsuite>
</testsuites>