<?xml version="1.0" encoding="UTF-8"?>
<testsuites name="Mocha Tests" time="33.543" tests="2" failures="1">
  <testsuite name="Root Suite" timestamp="2025-06-17T19:57:12" tests="0" file="cypress\e2e\tests\TransactionTest.cy.js" time="0.000" failures="0">
  </testsuite>
  <testsuite name="Validating Transaction update" timestamp="2025-06-17T19:57:12" tests="2" time="33.530" failures="1">
    <testcase name="Validating Transaction update should be able to add transaction to the account" time="14.881" classname="should be able to add transaction to the account">
    </testcase>
    <testcase name="Validating Transaction update should be able to delete transaction from the account" time="10.473" classname="should be able to delete transaction from the account">
      <failure message="this.deleteTxn is not a function" type="TypeError"><![CDATA[TypeError: this.deleteTxn is not a function
    at BudgetPage.deleteLatestTxn (webpack://cypress-framework/./cypress/e2e/pages/BudgetPage.js:79:7)
    at Context.eval (webpack://cypress-framework/./cypress/e2e/tests/TransactionTest.cy.js:52:23)]]></failure>
    </testcase>
  </testsuite>
</testsuites>