<?xml version="1.0" encoding="UTF-8"?>
<testsuites name="Mocha Tests" time="113.885" tests="4" failures="0">
  <testsuite name="Root Suite" timestamp="2025-06-19T16:25:50" tests="0" file="cypress/e2e/tests/LoginTest.cy.js" time="0.000" failures="0">
  </testsuite>
  <testsuite name="User Login - Success and Failure Scenarios" timestamp="2025-06-19T16:25:50" tests="4" time="113.823" failures="0">
    <testcase name="User Login - Success and Failure Scenarios should login successfully with valid credentials" time="32.707" classname="should login successfully with valid credentials">
    </testcase>
    <testcase name="User Login - Success and Failure Scenarios should fail to login with invalid credentials" time="33.702" classname="should fail to login with invalid credentials">
    </testcase>
    <testcase name="User Login - Success and Failure Scenarios should fail to login for NO credentials " time="18.641" classname="should fail to login for NO credentials ">
    </testcase>
    <testcase name="User Login - Success and Failure Scenarios should perform login and logout" time="24.514" classname="should perform login and logout">
    </testcase>
  </testsuite>
</testsuites>