<?xml version="1.0" encoding="UTF-8"?>
<testsuites name="Mocha Tests" time="25.338" tests="1" failures="1">
  <testsuite name="Root Suite" timestamp="2025-06-17T17:56:54" tests="0" file="cypress\e2e\tests\TransactionTest.cy.js" time="0.000" failures="0">
  </testsuite>
  <testsuite name="Validating Transaction update" timestamp="2025-06-17T17:56:54" tests="1" time="25.324" failures="1">
    <testcase name="Validating Transaction update should be able to add transaction to the account" time="12.763" classname="should be able to add transaction to the account">
      <failure message="locator.should is not a function" type="TypeError"><![CDATA[TypeError: locator.should is not a function
    at BudgetPage.waitForAmountToUpdate (webpack://cypress-framework/./cypress/e2e/pages/BudgetPage.js:51:12)
    at Context.eval (webpack://cypress-framework/./cypress/e2e/tests/TransactionTest.cy.js:38:23)]]></failure>
    </testcase>
  </testsuite>
</testsuites>