<?xml version="1.0" encoding="UTF-8"?>
<testsuites name="Mocha Tests" time="49.282" tests="2" failures="0">
  <testsuite name="Root Suite" timestamp="2025-06-20T18:13:54" tests="0" file="cypress\e2e\tests\TransactionTest.cy.js" time="0.000" failures="0">
  </testsuite>
  <testsuite name="Validating Transaction update" timestamp="2025-06-20T18:13:54" tests="2" time="49.261" failures="0">
    <testcase name="Validating Transaction update should update the Total balance when a new income transaction is added" time="24.118" classname="should update the Total balance when a new income transaction is added">
    </testcase>
    <testcase name="Validating Transaction update should remove the latest transaction and reflect the correct updated balance in Total section" time="24.204" classname="should remove the latest transaction and reflect the correct updated balance in Total section">
    </testcase>
  </testsuite>
</testsuites>