<?xml version="1.0" encoding="UTF-8"?>
<testsuites name="Mocha Tests" time="18.088" tests="1" failures="0">
  <testsuite name="Root Suite" timestamp="2025-06-17T17:43:03" tests="0" file="cypress\e2e\tests\TransactionTest.cy.js" time="0.000" failures="0">
  </testsuite>
  <testsuite name="Validating Transaction update" timestamp="2025-06-17T17:43:03" tests="1" time="18.076" failures="0">
    <testcase name="Validating Transaction update should be able to add transaction to the account" time="17.987" classname="should be able to add transaction to the account">
    </testcase>
  </testsuite>
</testsuites>