<?xml version="1.0" encoding="UTF-8"?>
<testsuites name="Mocha Tests" time="55.353" tests="2" failures="2">
  <testsuite name="Root Suite" timestamp="2025-06-20T17:51:33" tests="0" file="cypress\e2e\tests\EnvelopeTest.cy.js" time="0.000" failures="0">
  </testsuite>
  <testsuite name="Envelope Management Functionality" timestamp="2025-06-20T17:51:33" tests="2" time="55.339" failures="2">
    <testcase name="Envelope Management Functionality should allow the user to add a new envelope and successfully delete it" time="0.000" classname="should allow the user to add a new envelope and successfully delete it">
      <failure message="Timed out retrying after 5000ms: Expected to find element: `#fillEnvelopesModalNo`, but never found it." type="AssertionError"><![CDATA[AssertionError: Timed out retrying after 5000ms: Expected to find element: `#fillEnvelopesModalNo`, but never found it.
    at EnvelopePage.addEnvelope (webpack://cypress-framework/./cypress/e2e/pages/EnvelopePage.js:38:26)
    at Context.eval (webpack://cypress-framework/./cypress/e2e/tests/EnvelopeTest.cy.js:26:21)]]></failure>
    </testcase>
    <testcase name="Envelope Management Functionality should fill an envelope and validate that the available amount is updated correctly" time="0.000" classname="should fill an envelope and validate that the available amount is updated correctly">
      <failure message="Cannot read properties of undefined (reading &apos;invoke&apos;)" type="TypeError"><![CDATA[TypeError: Cannot read properties of undefined (reading 'invoke')
    at TransactionPage.parseAmountFromElement (webpack://cypress-framework/./cypress/e2e/pages/TransactionPage.js:46:19)
    at eval (webpack://cypress-framework/./cypress/e2e/tests/EnvelopeTest.cy.js:48:22)
    at Context.eval (webpack://cypress-framework/./cypress/e2e/tests/EnvelopeTest.cy.js:46:10)]]></failure>
    </testcase>
  </testsuite>
</testsuites>