<?xml version="1.0" encoding="UTF-8"?>
<testsuites name="Mocha Tests" time="229.454" tests="2" failures="1">
  <testsuite name="Root Suite" timestamp="2025-06-19T16:23:06" tests="0" file="cypress/e2e/tests/EnvelopeTest.cy.js" time="0.000" failures="0">
  </testsuite>
  <testsuite name="Envelope Management Functionality" timestamp="2025-06-19T16:23:06" tests="2" time="229.280" failures="1">
    <testcase name="Envelope Management Functionality should allow the user to add a new envelope and successfully delete it" time="0.000" classname="should allow the user to add a new envelope and successfully delete it">
      <failure message="Timed out retrying after 5000ms: Expected to find element: `#fillEnvelopesModalNo`, but never found it." type="AssertionError"><![CDATA[AssertionError: Timed out retrying after 5000ms: Expected to find element: `#fillEnvelopesModalNo`, but never found it.
    at get closeDialogueBox [as closeDialogueBox] (webpack://cypress-framework/./cypress/e2e/pages/EnvelopePage.js:12:39)
    at EnvelopePage.addEnvelope (webpack://cypress-framework/./cypress/e2e/pages/EnvelopePage.js:31:13)
    at eval (webpack://cypress-framework/./cypress/e2e/tests/EnvelopeTest.cy.js:20:19)
    at Context.eval (webpack://cypress-framework/./cypress/e2e/tests/EnvelopeTest.cy.js:19:10)]]></failure>
    </testcase>
    <testcase name="Envelope Management Functionality should fill an envelope and validate that the available amount is updated correctly" time="94.517" classname="should fill an envelope and validate that the available amount is updated correctly">
    </testcase>
  </testsuite>
</testsuites>