<?xml version="1.0" encoding="UTF-8"?>
<testsuites name="Mocha Tests" time="44.607" tests="4" failures="0">
  <testsuite name="Root Suite" timestamp="2025-06-17T10:09:09" tests="0" file="cypress\e2e\tests\LoginTest.cy.js" time="0.000" failures="0">
  </testsuite>
  <testsuite name="Success and Fail login flow" timestamp="2025-06-17T10:09:09" tests="4" time="44.587" failures="0">
    <testcase name="Success and Fail login flow should login successfully with valid credentials" time="12.018" classname="should login successfully with valid credentials">
    </testcase>
    <testcase name="Success and Fail login flow should fail to login with invalid credentials" time="11.049" classname="should fail to login with invalid credentials">
    </testcase>
    <testcase name="Success and Fail login flow should fail to login for No credentials " time="8.372" classname="should fail to login for No credentials ">
    </testcase>
    <testcase name="Success and Fail login flow should perform login and logout" time="12.736" classname="should perform login and logout">
    </testcase>
  </testsuite>
</testsuites>