<?xml version="1.0" encoding="UTF-8"?>
<testsuites name="Mocha Tests" time="141.847" tests="2" failures="1">
  <testsuite name="Root Suite" timestamp="2025-06-19T16:22:18" tests="0" file="cypress/e2e/tests/EnvelopeTest.cy.js" time="0.000" failures="0">
  </testsuite>
  <testsuite name="Envelope Management Functionality" timestamp="2025-06-19T16:22:18" tests="2" time="141.666" failures="1">
    <testcase name="Envelope Management Functionality should allow the user to add a new envelope and successfully delete it" time="0.000" classname="should allow the user to add a new envelope and successfully delete it">
      <failure message="Timed out retrying after 5000ms: Expected to find element: `#fillEnvelopesModalNo`, but never found it." type="AssertionError"><![CDATA[AssertionError: Timed out retrying after 5000ms: Expected to find element: `#fillEnvelopesModalNo`, but never found it.
    at get closeDialogueBox (webpack://cypress-framework/./cypress/e2e/pages/EnvelopePage.js:12:39)
    at addEnvelope (webpack://cypress-framework/./cypress/e2e/pages/EnvelopePage.js:31:8)
    at  (webpack://cypress-framework/./cypress/e2e/tests/EnvelopeTest.cy.js:20:19)
    at  (webpack://cypress-framework/./cypress/e2e/tests/EnvelopeTest.cy.js:19:10)
    at __webpack_modules__</setRunnable/runnable.fn (https://goodbudget.com/__cypress/runner/cypress_runner.js:138359:43)
    at callFn (https://goodbudget.com/__cypress/runner/cypress_runner.js:156978:21)
    at __webpack_modules__</Runnable.prototype.run (https://goodbudget.com/__cypress/runner/cypress_runner.js:156965:13)
    at __webpack_modules__</create/onRunnableRun (https://goodbudget.com/__cypress/runner/cypress_runner.js:162889:30)
    at finallyHandler (https://goodbudget.com/__cypress/runner/cypress_runner.js:4095:23)
    at tryCatcher (https://goodbudget.com/__cypress/runner/cypress_runner.js:1830:23)
    at __webpack_modules__</module.exports/Promise.prototype._settlePromiseFromHandler (https://goodbudget.com/__cypress/runner/cypress_runner.js:1542:31)
    at __webpack_modules__</module.exports/Promise.prototype._settlePromise (https://goodbudget.com/__cypress/runner/cypress_runner.js:1599:18)
    at __webpack_modules__</module.exports/Promise.prototype._settlePromise0 (https://goodbudget.com/__cypress/runner/cypress_runner.js:1644:10)
    at __webpack_modules__</module.exports/Promise.prototype._settlePromises (https://goodbudget.com/__cypress/runner/cypress_runner.js:1724:18)
    at _drainQueueStep (https://goodbudget.com/__cypress/runner/cypress_runner.js:2430:12)
    at _drainQueue (https://goodbudget.com/__cypress/runner/cypress_runner.js:2423:24)
    at __webpack_modules__</Async.prototype._drainQueues (https://goodbudget.com/__cypress/runner/cypress_runner.js:2439:16)
    at __webpack_modules__</Async/this.drainQueues (https://goodbudget.com/__cypress/runner/cypress_runner.js:2309:14)]]></failure>
    </testcase>
    <testcase name="Envelope Management Functionality should fill an envelope and validate that the available amount is updated correctly" time="76.974" classname="should fill an envelope and validate that the available amount is updated correctly">
    </testcase>
  </testsuite>
</testsuites>